
[Information] == [27/05/2021 09:17:24 AM]
User -- Create-Post
System.Data.Entity.Validation.DbEntityValidationException: Validation failed for one or more entities. See 'EntityValidationErrors' property for more details.
   at System.Data.Entity.Internal.InternalContext.SaveChanges()
   at System.Data.Entity.Internal.LazyInternalContext.SaveChanges()
   at System.Data.Entity.DbContext.SaveChanges()
   at baitapcuoiki.DAO.KhachHangDao.Insert(KHACHHANG entityHang) in E:\baitapcuoiki\baitapcuoiki\baitapcuoiki\baitapcuoiki\DAO\KhachHangDao.cs:line 33
   at WebShop.Areas.Admin.Controllers.KhachHangsController.Create(KHACHHANG model) in E:\baitapcuoiki\baitapcuoiki\baitapcuoiki\WebShop\Areas\Admin\Controllers\KhachHangsController.cs:line 64


[Information] == [27/05/2021 09:17:26 AM]
User -- Create-Post
System.Data.Entity.Validation.DbEntityValidationException: Validation failed for one or more entities. See 'EntityValidationErrors' property for more details.
   at System.Data.Entity.Internal.InternalContext.SaveChanges()
   at System.Data.Entity.Internal.LazyInternalContext.SaveChanges()
   at System.Data.Entity.DbContext.SaveChanges()
   at baitapcuoiki.DAO.KhachHangDao.Insert(KHACHHANG entityHang) in E:\baitapcuoiki\baitapcuoiki\baitapcuoiki\baitapcuoiki\DAO\KhachHangDao.cs:line 33
   at WebShop.Areas.Admin.Controllers.KhachHangsController.Create(KHACHHANG model) in E:\baitapcuoiki\baitapcuoiki\baitapcuoiki\WebShop\Areas\Admin\Controllers\KhachHangsController.cs:line 64


[Information] == [27/05/2021 09:17:26 AM]
User -- Create-Post
System.Data.Entity.Validation.DbEntityValidationException: Validation failed for one or more entities. See 'EntityValidationErrors' property for more details.
   at System.Data.Entity.Internal.InternalContext.SaveChanges()
   at System.Data.Entity.Internal.LazyInternalContext.SaveChanges()
   at System.Data.Entity.DbContext.SaveChanges()
   at baitapcuoiki.DAO.KhachHangDao.Insert(KHACHHANG entityHang) in E:\baitapcuoiki\baitapcuoiki\baitapcuoiki\baitapcuoiki\DAO\KhachHangDao.cs:line 33
   at WebShop.Areas.Admin.Controllers.KhachHangsController.Create(KHACHHANG model) in E:\baitapcuoiki\baitapcuoiki\baitapcuoiki\WebShop\Areas\Admin\Controllers\KhachHangsController.cs:line 64


[Information] == [27/05/2021 09:17:30 AM]
User -- Create-Post
System.Data.Entity.Validation.DbEntityValidationException: Validation failed for one or more entities. See 'EntityValidationErrors' property for more details.
   at System.Data.Entity.Internal.InternalContext.SaveChanges()
   at System.Data.Entity.Internal.LazyInternalContext.SaveChanges()
   at System.Data.Entity.DbContext.SaveChanges()
   at baitapcuoiki.DAO.KhachHangDao.Insert(KHACHHANG entityHang) in E:\baitapcuoiki\baitapcuoiki\baitapcuoiki\baitapcuoiki\DAO\KhachHangDao.cs:line 33
   at WebShop.Areas.Admin.Controllers.KhachHangsController.Create(KHACHHANG model) in E:\baitapcuoiki\baitapcuoiki\baitapcuoiki\WebShop\Areas\Admin\Controllers\KhachHangsController.cs:line 64


[Information] == [27/05/2021 09:18:25 AM]
User -- Create-Post
System.Data.Entity.Validation.DbEntityValidationException: Validation failed for one or more entities. See 'EntityValidationErrors' property for more details.
   at System.Data.Entity.Internal.InternalContext.SaveChanges()
   at System.Data.Entity.Internal.LazyInternalContext.SaveChanges()
   at System.Data.Entity.DbContext.SaveChanges()
   at baitapcuoiki.DAO.KhachHangDao.Insert(KHACHHANG entityHang) in E:\baitapcuoiki\baitapcuoiki\baitapcuoiki\baitapcuoiki\DAO\KhachHangDao.cs:line 33
   at WebShop.Areas.Admin.Controllers.KhachHangsController.Create(KHACHHANG model) in E:\baitapcuoiki\baitapcuoiki\baitapcuoiki\WebShop\Areas\Admin\Controllers\KhachHangsController.cs:line 64


[Information] == [27/05/2021 09:18:25 AM]
User -- Create-Post
System.Data.Entity.Validation.DbEntityValidationException: Validation failed for one or more entities. See 'EntityValidationErrors' property for more details.
   at System.Data.Entity.Internal.InternalContext.SaveChanges()
   at System.Data.Entity.Internal.LazyInternalContext.SaveChanges()
   at System.Data.Entity.DbContext.SaveChanges()
   at baitapcuoiki.DAO.KhachHangDao.Insert(KHACHHANG entityHang) in E:\baitapcuoiki\baitapcuoiki\baitapcuoiki\baitapcuoiki\DAO\KhachHangDao.cs:line 33
   at WebShop.Areas.Admin.Controllers.KhachHangsController.Create(KHACHHANG model) in E:\baitapcuoiki\baitapcuoiki\baitapcuoiki\WebShop\Areas\Admin\Controllers\KhachHangsController.cs:line 64

